<?xml version="1.0" encoding="UTF-8"?>
<testsuite name="XXLChess.SampleTest" tests="1" skipped="0" failures="0" errors="0" timestamp="2023-05-17T04:03:31" hostname="Hadis-Air" time="0.064">
  <properties/>
  <testcase name="simpleTest()" classname="XXLChess.SampleTest" time="0.064"/>
  <system-out><![CDATA[]]></system-out>
  <system-err><![CDATA[]]></system-err>
</testsuite>
